[      88ms] [INFO] %cDownload the React DevTools for a better development experience: https://react.dev/link/react-devtools font-weight:bold @ http://localhost:5173/node_modules/.vite/deps/react-dom_client.js?v=5b237091:14337
[   10102ms] [LOG] Download the Apollo DevTools for a better development experience: %s https://chrome.google.com/webstore/detail/apollo-client-developer-t/jdkknkkbebbapilgoeccciglkfbmbnfm @ http://localhost:5173/node_modules/.vite/deps/http-Bpc3qSTK.js?v=5b237091:2484
[  216286ms] ReferenceError: NavBar is not defined
    at App (http://localhost:5173/src/App.tsx?t=1776568165110:22:28)
    at Object.react_stack_bottom_frame (http://localhost:5173/node_modules/.vite/deps/react-dom_client.js?v=5b237091:12868:12)
    at renderWithHooks (http://localhost:5173/node_modules/.vite/deps/react-dom_client.js?v=5b237091:4213:19)
    at updateFunctionComponent (http://localhost:5173/node_modules/.vite/deps/react-dom_client.js?v=5b237091:5569:16)
    at beginWork (http://localhost:5173/node_modules/.vite/deps/react-dom_client.js?v=5b237091:6140:20)
    at runWithFiberInDEV (http://localhost:5173/node_modules/.vite/deps/react-dom_client.js?v=5b237091:851:66)
    at performUnitOfWork (http://localhost:5173/node_modules/.vite/deps/react-dom_client.js?v=5b237091:8429:92)
    at workLoopSync (http://localhost:5173/node_modules/.vite/deps/react-dom_client.js?v=5b237091:8325:37)
    at renderRootSync (http://localhost:5173/node_modules/.vite/deps/react-dom_client.js?v=5b237091:8309:6)
    at performWorkOnRoot (http://localhost:5173/node_modules/.vite/deps/react-dom_client.js?v=5b237091:7994:27)
[  216280ms] [WARNING] %s

%s
 An error occurred in the <App> component. Consider adding an error boundary to your tree to customize error handling behavior.
Visit https://react.dev/link/error-boundaries to learn more about error boundaries. @ http://localhost:5173/@vite/client:509
[  309346ms] [ERROR] Failed to load resource: the server responded with a status of 404 (Not Found) @ http://localhost:5173/src/components/NavBar.tsx?t=1776568258474:0
[  309347ms] [ERROR] [vite] Failed to reload /src/components/NavBar.tsx. This could be due to syntax errors or importing non-existent modules. (see errors above) @ http://localhost:5173/@vite/client:509
[  359691ms] [ERROR] Failed to load resource: the server responded with a status of 500 (Internal Server Error) @ http://localhost:5173/src/pages/ChoresAdminPage.tsx?t=1776568308799:0
[  359692ms] [ERROR] [vite] Failed to reload /src/pages/ChoresAdminPage.tsx. This could be due to syntax errors or importing non-existent modules. (see errors above) @ http://localhost:5173/@vite/client:509
