[     558ms] [ERROR] Error: <svg> attribute width: Expected length, "currentwidth". @ https://www.pencilandpaper.io/articles/ux-pattern-analysis-data-dashboards:432
[     558ms] [ERROR] Error: <svg> attribute height: Expected length, "auto". @ https://www.pencilandpaper.io/articles/ux-pattern-analysis-data-dashboards:432
[     558ms] [ERROR] Error: <svg> attribute width: Expected length, "currentwidth". @ https://www.pencilandpaper.io/articles/ux-pattern-analysis-data-dashboards:434
[     558ms] [ERROR] Error: <svg> attribute height: Expected length, "auto". @ https://www.pencilandpaper.io/articles/ux-pattern-analysis-data-dashboards:434
[     558ms] [ERROR] Error: <svg> attribute width: Expected length, "currentwidth". @ https://www.pencilandpaper.io/articles/ux-pattern-analysis-data-dashboards:436
[     558ms] [ERROR] Error: <svg> attribute height: Expected length, "auto". @ https://www.pencilandpaper.io/articles/ux-pattern-analysis-data-dashboards:436
[     558ms] [ERROR] Error: <svg> attribute width: Expected length, "currentwidth". @ https://www.pencilandpaper.io/articles/ux-pattern-analysis-data-dashboards:438
[     558ms] [ERROR] Error: <svg> attribute height: Expected length, "auto". @ https://www.pencilandpaper.io/articles/ux-pattern-analysis-data-dashboards:438
[     558ms] [ERROR] Error: <svg> attribute width: Expected length, "currentwidth". @ https://www.pencilandpaper.io/articles/ux-pattern-analysis-data-dashboards:440
[     559ms] [ERROR] Error: <svg> attribute height: Expected length, "auto". @ https://www.pencilandpaper.io/articles/ux-pattern-analysis-data-dashboards:440
[     559ms] [ERROR] Error: <svg> attribute height: Expected length, "auto". @ https://www.pencilandpaper.io/articles/ux-pattern-analysis-data-dashboards:442
[     559ms] [ERROR] Error: <svg> attribute height: Expected length, "auto". @ https://www.pencilandpaper.io/articles/ux-pattern-analysis-data-dashboards:443
[     559ms] [ERROR] Error: <svg> attribute height: Expected length, "auto". @ https://www.pencilandpaper.io/articles/ux-pattern-analysis-data-dashboards:444
[     559ms] [ERROR] Error: <svg> attribute height: Expected length, "auto". @ https://www.pencilandpaper.io/articles/ux-pattern-analysis-data-dashboards:445
[     559ms] [ERROR] Error: <svg> attribute height: Expected length, "auto". @ https://www.pencilandpaper.io/articles/ux-pattern-analysis-data-dashboards:446
[     559ms] [ERROR] Error: <svg> attribute height: Expected length, "auto". @ https://www.pencilandpaper.io/articles/ux-pattern-analysis-data-dashboards:447
[     559ms] [ERROR] Error: <svg> attribute height: Expected length, "auto". @ https://www.pencilandpaper.io/articles/ux-pattern-analysis-data-dashboards:448
[     559ms] [ERROR] Error: <svg> attribute height: Expected length, "auto". @ https://www.pencilandpaper.io/articles/ux-pattern-analysis-data-dashboards:449
[     559ms] [ERROR] Error: <svg> attribute height: Expected length, "auto". @ https://www.pencilandpaper.io/articles/ux-pattern-analysis-data-dashboards:450
[     559ms] [ERROR] Error: <svg> attribute height: Expected length, "auto". @ https://www.pencilandpaper.io/articles/ux-pattern-analysis-data-dashboards:451
[     559ms] [ERROR] Error: <svg> attribute height: Expected length, "auto". @ https://www.pencilandpaper.io/articles/ux-pattern-analysis-data-dashboards:452
[     559ms] [ERROR] Error: <svg> attribute height: Expected length, "auto". @ https://www.pencilandpaper.io/articles/ux-pattern-analysis-data-dashboards:453
[     559ms] [ERROR] Error: <svg> attribute width: Expected length, "currentwidth". @ https://www.pencilandpaper.io/articles/ux-pattern-analysis-data-dashboards:454
[     559ms] [ERROR] Error: <svg> attribute height: Expected length, "auto". @ https://www.pencilandpaper.io/articles/ux-pattern-analysis-data-dashboards:454
[     559ms] [ERROR] Error: <svg> attribute width: Expected length, "currentwidth". @ https://www.pencilandpaper.io/articles/ux-pattern-analysis-data-dashboards:456
[     559ms] [ERROR] Error: <svg> attribute height: Expected length, "auto". @ https://www.pencilandpaper.io/articles/ux-pattern-analysis-data-dashboards:456
[     559ms] [ERROR] Error: <svg> attribute width: Expected length, "currentwidth". @ https://www.pencilandpaper.io/articles/ux-pattern-analysis-data-dashboards:458
[     559ms] [ERROR] Error: <svg> attribute height: Expected length, "auto". @ https://www.pencilandpaper.io/articles/ux-pattern-analysis-data-dashboards:458
[     559ms] [ERROR] Error: <svg> attribute width: Expected length, "currentwidth". @ https://www.pencilandpaper.io/articles/ux-pattern-analysis-data-dashboards:460
[     559ms] [ERROR] Error: <svg> attribute height: Expected length, "auto". @ https://www.pencilandpaper.io/articles/ux-pattern-analysis-data-dashboards:460
[    2480ms] TypeError: Cannot read properties of undefined (reading 'querySelector')
    at checkOverflow (<anonymous>:4:31)
    at window.onload (<anonymous>:16:5)
    at window.CookieControl.Cookie.applyOverrideEventListeners (https://consent.cookiebot.com/uc.js:2:108581)
    at https://consent.cookiebot.com/uc.js:2:17334
[    2481ms] TypeError: Cannot read properties of undefined (reading 'querySelector')
    at checkOverflow (<anonymous>:4:31)
    at window.onload (<anonymous>:16:5)
    at window.CookieControl.Cookie.applyOverrideEventListeners (https://consent.cookiebot.com/uc.js:2:108786)
    at https://consent.cookiebot.com/uc.js:2:17334
